[2014-03-30 22:55:06] START
[2014-03-30 22:56:01] EDIT Meeting/models/db.py: -14
[2014-03-30 22:56:01] EDIT Meeting/models/db.py: 0
[2014-03-30 22:56:02] EDIT Meeting/models/db.py: 0
[2014-03-30 22:56:52] EDIT Meeting/views/default/index.html: -25
[2014-03-30 22:56:52] EDIT Meeting/views/default/index.html: 0
[2014-03-30 22:56:52] EDIT Meeting/views/default/index.html: 0
[2014-03-30 22:56:52] EDIT Meeting/views/default/index.html: 0
[2014-03-30 22:57:44] EDIT Meeting/controllers/default.py: 0
[2014-03-30 22:57:44] EDIT Meeting/controllers/default.py: 0
[2014-03-30 22:57:44] EDIT Meeting/controllers/default.py: 0
[2014-03-30 22:57:44] EDIT Meeting/controllers/default.py: 0
[2014-03-30 22:57:44] EDIT Meeting/controllers/default.py: 0
[2014-03-31 01:46:48] EDIT Meeting/models/db.py: 0
[2014-03-31 01:47:05] EDIT Meeting/models/db.py: 0
[2014-03-31 01:47:05] EDIT Meeting/models/db.py: 0
[2014-03-31 01:47:06] EDIT Meeting/models/db.py: 0
[2014-03-31 01:47:06] EDIT Meeting/models/db.py: 0
[2014-03-31 14:05:42] EDIT as/models/db.py: 0
[2014-03-31 14:05:57] EDIT as/models/db.py: 0
[2014-03-31 14:07:25] EDIT as/models/db.py: 0
[2014-03-31 14:18:28] EDIT as/models/db.py: 1
[2014-03-31 14:19:08] EDIT as/models/db.py: 0
[2014-03-31 14:21:46] EDIT as/models/db.py: 3
[2014-03-31 14:22:48] EDIT as/models/db.py: 0
[2014-03-31 14:44:25] EDIT as/models/db.py: 0
[2014-03-31 14:47:00] EDIT as/views/default/index.html: 1
[2014-03-31 14:54:09] EDIT as/views/default/index.html: 0
[2014-03-31 14:54:09] EDIT as/views/default/index.html: 0
[2014-03-31 15:08:50] EDIT as/models/db.py: 0
[2014-03-31 15:08:59] EDIT as/models/db.py: 0
[2014-03-31 15:09:56] EDIT as/models/db.py: 0
[2014-03-31 15:52:46] EDIT as/views/default/index.html: 0
[2014-03-31 15:53:28] EDIT as/views/default/index.html: 0
[2014-03-31 15:54:32] EDIT as/views/default/index.html: 3
[2014-03-31 15:55:26] EDIT as/views/default/index.html: 1
[2014-03-31 15:56:00] EDIT as/views/default/index.html: 0
[2014-03-31 15:58:16] EDIT as/views/default/index.html: 1
[2014-03-31 15:59:12] EDIT as/views/default/index.html: 1
[2014-03-31 16:11:36] EDIT as/views/default/index.html: 0
[2014-03-31 16:12:05] EDIT as/views/default/index.html: 0
[2014-03-31 16:12:32] EDIT as/views/default/index.html: 0
[2014-03-31 16:13:00] EDIT as/views/default/index.html: 0
[2014-03-31 16:15:03] EDIT as/views/default/index.html: 1
[2014-03-31 16:17:41] EDIT as/views/default/index.html: 0
[2014-03-31 16:32:41] EDIT as/controllers/default.py: 8
[2014-03-31 16:37:07] EDIT as/controllers/default.py: 2
[2014-03-31 16:37:07] EDIT as/controllers/default.py: 0
[2014-03-31 16:37:30] EDIT as/controllers/default.py: 0
[2014-03-31 16:38:30] EDIT as/controllers/default.py: 2
[2014-03-31 16:38:55] EDIT as/controllers/default.py: -2
[2014-03-31 16:38:58] EDIT as/controllers/default.py: 0
[2014-03-31 16:39:11] EDIT as/controllers/default.py: 0
[2014-03-31 16:39:48] EDIT as/controllers/default.py: 0
[2014-03-31 16:39:55] EDIT as/controllers/default.py: 0
[2014-03-31 16:40:14] EDIT as/controllers/default.py: 0
[2014-03-31 16:40:18] EDIT as/controllers/default.py: 0
[2014-03-31 16:40:27] EDIT as/controllers/default.py: 0
[2014-03-31 16:40:29] EDIT as/controllers/default.py: 0
[2014-03-31 16:40:48] EDIT as/controllers/default.py: 0
[2014-03-31 16:40:50] EDIT as/controllers/default.py: 0
[2014-03-31 16:41:03] EDIT as/controllers/default.py: 0
[2014-03-31 16:41:41] EDIT as/controllers/default.py: 0
[2014-03-31 16:42:13] EDIT as/controllers/default.py: 0
[2014-03-31 16:42:13] EDIT as/controllers/default.py: 0
[2014-03-31 16:42:14] EDIT as/controllers/default.py: 0
[2014-04-02 09:02:35] EDIT Meetinn/controllers/default.py: 2
[2014-04-02 09:07:24] EDIT Meetinn/controllers/default.py: 1
[2014-04-02 09:07:56] EDIT Meetinn/views/default/index.html: 3
[2014-04-02 09:08:58] EDIT Meetinn/controllers/default.py: 1
[2014-04-02 09:12:27] EDIT Meetinn/controllers/default.py: 0
[2014-04-02 09:18:48] EDIT Meetinn/views/default/index.html: 1
[2014-04-02 09:19:06] EDIT Meetinn/views/default/index.html: 1
[2014-04-02 09:20:22] EDIT Meetinn/views/default/index.html: 0
[2014-04-02 09:22:58] EDIT Meetinn/controllers/default.py: 0
[2014-04-02 09:23:06] EDIT Meetinn/controllers/default.py: 0
[2014-04-02 09:23:06] EDIT Meetinn/controllers/default.py: 0
[2014-04-02 09:23:20] EDIT Meetinn/controllers/default.py: 0
[2014-04-02 09:23:28] EDIT Meetinn/controllers/default.py: 0
[2014-04-02 09:27:30] EDIT Meetinn/controllers/default.py: -8
[2014-04-02 09:33:11] EDIT Meetinn/controllers/default.py: 0
[2014-04-02 09:33:39] EDIT Meetinn/controllers/default.py: -2
[2014-04-02 09:34:02] EDIT Meetinn/views/default/index.html: -5
[2014-04-02 09:34:23] EDIT Meetinn/controllers/default.py: 0
[2014-04-02 09:39:07] EDIT Meetinn/models/db.py: 1
[2014-04-02 09:39:39] EDIT Meetinn/models/db.py: 0
[2014-04-02 09:53:23] EDIT Meetinn/controllers/default.py: 1
[2014-04-02 10:14:31] EDIT Meetinn/controllers/default.py: 3
[2014-04-02 10:14:51] EDIT Meetinn/controllers/default.py: 0
[2014-04-02 10:16:06] CREATE form_submit.html: 0
[2014-04-02 10:16:31] EDIT Meetinn/views/form_submit.html: 1
[2014-04-02 10:18:50] EDIT Meetinn/views/default/form_submit.html: 0
[2014-04-02 10:19:00] EDIT Meetinn/views/default/form_submit.html: -1
[2014-04-02 10:36:30] EDIT Meetinn/views/default/form_submit.html: 0
[2014-04-02 10:38:07] EDIT Meetinn/controllers/default.py: 3
[2014-04-02 10:38:49] EDIT Meetinn/controllers/default.py: 0
[2014-04-02 10:39:37] EDIT Meetinn/views/default/form_submit.html: 0
[2014-04-02 10:42:47] EDIT Meetinn/controllers/default.py: 2
[2014-04-02 10:49:21] EDIT Meetinn/controllers/default.py: -2
[2014-04-02 10:53:55] EDIT Meetinn/controllers/default.py: 1
[2014-04-02 10:55:41] EDIT Meetinn/controllers/default.py: 0
[2014-04-02 10:58:57] EDIT Meetinn/controllers/default.py: 3
[2014-04-02 11:00:20] EDIT Meetinn/controllers/default.py: -1
[2014-04-02 11:02:47] EDIT Meetinn/controllers/default.py: -3
[2014-04-02 11:05:22] EDIT Meetinn/controllers/default.py: 2
[2014-04-02 11:05:31] EDIT Meetinn/controllers/default.py: 0
[2014-04-02 11:07:11] EDIT Meetinn/controllers/default.py: 0
[2014-04-02 11:08:54] EDIT Meetinn/controllers/default.py: 1
[2014-04-02 11:09:36] EDIT Meetinn/controllers/default.py: 0
[2014-04-02 11:11:32] EDIT Meetinn/controllers/default.py: -3
[2014-04-02 11:13:10] EDIT Meetinn/controllers/default.py: 0
[2014-04-02 11:14:52] EDIT Meetinn/controllers/default.py: 0
[2014-04-02 11:17:04] EDIT Meetinn/controllers/default.py: 0
[2014-04-02 11:25:10] EDIT Meetinn/controllers/default.py: 1
[2014-04-02 11:25:15] EDIT Meetinn/controllers/default.py: 0
[2014-04-02 11:26:52] EDIT Meetinn/controllers/default.py: 0
[2014-04-02 11:27:40] EDIT Meetinn/controllers/default.py: 0
[2014-04-02 11:28:13] EDIT Meetinn/controllers/default.py: 0
[2014-04-02 11:35:04] EDIT Meetinn/controllers/default.py: 1
[2014-04-02 11:35:43] EDIT Meetinn/controllers/default.py: 0
[2014-04-02 11:37:12] EDIT Meetinn/controllers/default.py: 1
[2014-04-02 11:39:26] EDIT Meetinn/controllers/default.py: 0
[2014-04-02 11:39:28] EDIT Meetinn/models/db.py: 0
[2014-04-02 12:08:30] EDIT Meetinn/controllers/default.py: 0
[2014-04-02 12:10:00] EDIT Meetinn/controllers/default.py: 0
[2014-04-02 12:14:13] EDIT Meetinn/controllers/default.py: 0
[2014-04-02 12:14:16] EDIT Meetinn/controllers/default.py: 0
[2014-04-02 12:18:08] EDIT Meetinn/controllers/default.py: 0
[2014-04-02 13:15:34] EDIT Meetinn/views/default/form_submit.html: 4
[2014-04-02 13:17:10] EDIT Meetinn/views/default/form_submit.html: 0
[2014-04-02 13:19:03] EDIT Meetinn/controllers/default.py: 0
[2014-04-02 13:19:36] EDIT Meetinn/views/default/form_submit.html: 0
[2014-04-02 13:21:27] EDIT Meetinn/controllers/default.py: -1
[2014-04-02 13:21:45] EDIT Meetinn/views/default/form_submit.html: 0
[2014-04-02 13:22:50] EDIT Meetinn/controllers/default.py: 0
[2014-04-02 13:23:46] EDIT Meetinn/views/default/form_submit.html: 3
[2014-04-02 13:25:04] EDIT Meetinn/controllers/default.py: 0
[2014-04-02 13:25:33] EDIT Meetinn/views/default/form_submit.html: -2
[2014-04-02 13:26:15] EDIT Meetinn/controllers/default.py: 0
[2014-04-02 13:26:25] EDIT Meetinn/controllers/default.py: 0
[2014-04-02 13:28:00] EDIT Meetinn/views/default/form_submit.html: 0
[2014-04-02 13:29:23] EDIT Meetinn/views/default/form_submit.html: -4
[2014-04-02 13:29:30] EDIT Meetinn/views/default/form_submit.html: -1
[2014-04-02 13:31:58] EDIT Meetinn/views/default/form_submit.html: 2
[2014-04-02 13:34:05] EDIT Meetinn/controllers/default.py: 1
[2014-04-02 13:34:52] EDIT Meetinn/views/default/form_submit.html: 2
[2014-04-02 13:36:38] EDIT Meetinn/controllers/default.py: 0
[2014-04-02 13:37:11] EDIT Meetinn/controllers/default.py: 0
[2014-04-02 13:37:26] EDIT Meetinn/views/default/form_submit.html: 0
[2014-04-02 13:37:42] EDIT Meetinn/views/default/form_submit.html: 0
[2014-04-02 13:38:22] EDIT Meetinn/views/default/form_submit.html: 3
[2014-04-02 13:41:56] EDIT Meetinn/controllers/default.py: -1
[2014-04-02 13:42:35] EDIT Meetinn/views/default/form_submit.html: 0
[2014-04-02 13:44:42] EDIT Meetinn/views/default/form_submit.html: 0
[2014-04-02 13:46:13] EDIT Meetinn/controllers/default.py: 1
[2014-04-02 13:46:23] EDIT Meetinn/controllers/default.py: 0
[2014-04-02 13:47:24] EDIT Meetinn/views/default/form_submit.html: 0
[2014-04-02 13:47:55] EDIT Meetinn/views/default/form_submit.html: 0
[2014-04-02 13:50:41] EDIT Meetinn/controllers/default.py: 1
[2014-04-02 13:51:08] EDIT Meetinn/controllers/default.py: 0
[2014-04-02 13:51:35] EDIT Meetinn/controllers/default.py: -1
[2014-04-02 13:53:47] EDIT Meetinn/views/default/form_submit.html: 1
[2014-04-02 13:54:41] EDIT Meetinn/views/default/form_submit.html: 1
[2014-04-02 13:55:44] EDIT Meetinn/views/default/form_submit.html: -1
[2014-04-02 14:33:10] EDIT Meetinn/controllers/default.py: 1
[2014-04-02 14:36:27] EDIT Meetinn/views/default/index.html: 1
[2014-04-02 14:36:53] EDIT Meetinn/views/default/index.html: 0
[2014-04-02 14:40:05] EDIT Meetinn/models/db.py: 0
[2014-04-02 14:40:16] EDIT Meetinn/models/db.py: 0
[2014-04-02 14:40:34] EDIT Meetinn/models/db.py: -1
[2014-04-02 14:43:10] EDIT Meetinn/models/db.py: 1
[2014-04-02 14:43:51] EDIT Meetinn/models/db.py: 0
[2014-04-02 14:46:04] EDIT Meetinn/models/db.py: 5
[2014-04-02 14:49:06] EDIT Meetinn/models/db.py: -3
[2014-04-02 14:49:50] EDIT Meetinn/models/db.py: 0
[2014-04-02 15:06:26] EDIT Meetinn/views/default/index.html: 1
[2014-04-02 15:09:52] EDIT Meetinn/views/default/index.html: 5
[2014-04-02 15:10:15] EDIT Meetinn/views/default/index.html: -1
[2014-04-02 15:11:45] EDIT Meetinn/views/default/index.html: 2
[2014-04-02 15:13:39] EDIT Meetinn/views/default/index.html: 0
[2014-04-02 15:14:51] EDIT Meetinn/views/default/index.html: 0
[2014-04-02 15:15:06] EDIT Meetinn/views/default/index.html: 0
[2014-04-02 15:15:39] EDIT Meetinn/views/default/index.html: 0
[2014-04-02 15:18:49] EDIT Meetinn/views/default/index.html: 0
[2014-04-02 15:19:01] EDIT Meetinn/views/default/index.html: 0
[2014-04-02 15:19:28] EDIT Meetinn/views/default/index.html: 0
[2014-04-02 15:19:35] EDIT Meetinn/views/default/index.html: 0
[2014-04-02 15:25:11] EDIT Meetinn/views/default/index.html: 0
[2014-04-02 15:25:50] EDIT Meetinn/views/default/index.html: 0
[2014-04-02 15:35:24] EDIT Meetinn/views/default/index.html: 0
[2014-04-02 15:38:48] EDIT Meetinn/views/default/index.html: 0
[2014-04-02 15:41:45] EDIT Meetinn/views/default/index.html: 0
[2014-04-02 15:45:04] EDIT Meetinn/views/default/index.html: 0
[2014-04-02 15:53:03] EDIT Meetinn/views/default/index.html: 0
[2014-04-02 17:06:06] EDIT meet/views/default/form_submit.html: -2
[2014-04-02 17:24:36] EDIT meet/controllers/default.py: 3
[2014-04-02 17:53:23] EDIT meet/controllers/default.py: 0
[2014-04-02 17:54:28] EDIT meet/views/default/test.html: 1
[2014-04-02 17:54:40] EDIT meet/views/default/test.html: 0
[2014-04-02 18:29:54] EDIT meet/controllers/default.py: 15
[2014-04-02 18:54:19] EDIT meet/controllers/default.py: 4
[2014-04-02 18:55:01] EDIT meet/controllers/default.py: 0
[2014-04-02 18:55:28] EDIT meet/controllers/default.py: 0
[2014-04-02 18:56:35] EDIT meet/controllers/default.py: 0
[2014-04-02 18:56:47] EDIT meet/controllers/default.py: -4
[2014-04-02 19:17:32] EDIT meet/controllers/default.py: 0
[2014-04-02 19:20:38] EDIT meet/controllers/default.py: 0
[2014-04-02 19:23:49] EDIT meet/controllers/default.py: 1
[2014-04-02 19:23:49] EDIT meet/controllers/default.py: 0
[2014-04-02 19:23:50] EDIT meet/controllers/default.py: 0
[2014-04-02 19:27:46] EDIT meet/controllers/default.py: 0
[2014-04-02 19:29:45] EDIT meet/controllers/default.py: 0
[2014-04-02 19:29:49] EDIT meet/controllers/default.py: 0
[2014-04-02 19:33:48] EDIT meet/views/default/index.html.1: 0
[2014-04-02 19:37:50] EDIT meet/controllers/default.py: -1
[2014-04-02 19:38:08] EDIT meet/controllers/default.py: 0
[2014-04-02 19:41:23] EDIT meet/controllers/default.py: 0
[2014-04-02 19:41:23] EDIT meet/controllers/default.py: 0
[2014-04-02 19:43:09] EDIT meet/controllers/default.py: 0
[2014-04-02 19:48:43] EDIT meet/controllers/default.py: 0
[2014-04-02 19:58:28] EDIT meet/controllers/default.py: 0
[2014-04-02 20:07:17] EDIT meet/controllers/default.py: 0
[2014-04-02 20:08:25] EDIT meet/controllers/default.py: 0
[2014-04-02 20:13:44] EDIT meet/controllers/default.py: 2
[2014-04-02 20:26:48] EDIT meet/controllers/default.py: 0
[2014-04-02 20:26:48] EDIT meet/controllers/default.py: 0
[2014-04-02 20:26:48] EDIT meet/controllers/default.py: 0
[2014-04-02 20:27:52] EDIT meet/controllers/default.py: 0
[2014-04-02 20:32:05] EDIT meet/controllers/default.py: 1
[2014-04-02 20:32:13] EDIT meet/controllers/default.py: 0
[2014-04-02 20:32:22] EDIT meet/controllers/default.py: 0
[2014-04-02 20:32:31] EDIT meet/controllers/default.py: 0
[2014-04-02 20:32:43] EDIT meet/controllers/default.py: 0
[2014-04-02 20:32:54] EDIT meet/controllers/default.py: 0
[2014-04-02 20:33:58] EDIT meet/controllers/default.py: -1
[2014-04-02 20:34:51] EDIT meet/controllers/default.py: 0
[2014-04-02 20:36:30] EDIT meet/controllers/default.py: 1
[2014-04-02 20:38:42] EDIT meet/controllers/default.py: -7
[2014-04-02 20:41:40] EDIT meet/controllers/default.py: 4
[2014-04-02 20:43:26] EDIT meet/controllers/default.py: 0
[2014-04-02 20:43:39] EDIT meet/controllers/default.py: 0
[2014-04-02 20:44:04] EDIT meet/controllers/default.py: 0
[2014-04-02 20:49:28] EDIT meet/controllers/default.py: 0
[2014-04-02 20:50:28] EDIT meet/controllers/default.py: 0
[2014-04-02 20:51:27] EDIT meet/controllers/default.py: 0
[2014-04-02 20:52:09] EDIT meet/controllers/default.py: 0
[2014-04-02 20:52:53] EDIT meet/controllers/default.py: 0
[2014-04-02 20:54:51] EDIT meet/controllers/default.py: 0
[2014-04-02 20:55:45] EDIT meet/controllers/default.py: 0
[2014-04-03 13:47:46] EDIT meet/controllers/default.py: 0
[2014-04-03 13:51:02] EDIT meet/controllers/default.py: 4
[2014-04-03 13:51:22] EDIT meet/controllers/default.py: 0
[2014-04-03 13:51:24] EDIT meet/controllers/default.py: 0
[2014-04-03 13:52:52] EDIT meet/controllers/default.py: 0
[2014-04-03 13:59:05] EDIT meet/controllers/default.py: 0
[2014-04-03 15:56:08] EDIT meet/controllers/default.py: -1
[2014-04-03 15:57:41] EDIT meet/views/default/form_submit.html: 6
[2014-04-03 16:01:24] EDIT meet/controllers/default.py: 0
[2014-04-03 16:02:31] EDIT meet/controllers/default.py: 0
[2014-04-03 16:04:05] EDIT meet/controllers/default.py: 0
[2014-04-03 16:05:06] EDIT meet/controllers/default.py: 0
[2014-04-03 16:07:25] EDIT meet/controllers/default.py: 0
[2014-04-03 16:12:29] EDIT meet/controllers/default.py: 0
[2014-04-03 16:56:47] EDIT meet/models/db.py: 1
[2014-04-03 16:57:20] EDIT meet/models/db.py: 0
[2014-04-03 16:58:45] EDIT meet/models/db.py: 0
[2014-04-03 17:00:22] EDIT meet/models/db.py: -1
[2014-04-04 12:11:26] EDIT meet/controllers/default.py: 1
[2014-04-04 12:21:52] EDIT meet/controllers/default.py: 2
[2014-04-04 12:27:18] EDIT meet/controllers/default.py: 0
[2014-04-04 12:29:50] EDIT meet/views/default/Meeting_sheduling.html: 0
[2014-04-04 12:30:25] EDIT meet/controllers/default.py: 0
[2014-04-04 15:42:13] EDIT meet/models/db.py: -1
[2014-04-04 15:55:03] EDIT meet/views/default/Sheduling.html: -2
[2014-04-04 15:55:51] EDIT meet/models/db.py: 0
[2014-04-04 16:01:54] EDIT meet/controllers/default.py: -2
[2014-04-04 16:04:10] EDIT meet/controllers/default.py: 0
[2014-04-04 16:09:01] EDIT meet/views/default/Meeting_sheduling.html: 0
[2014-04-04 16:09:17] EDIT meet/views/default/Meeting_sheduling.html: 0
[2014-04-04 16:13:00] EDIT meet/models/db.py: 2
[2014-04-04 16:13:22] EDIT meet/models/db.py: 0
[2014-04-04 16:14:08] EDIT meet/models/db.py: -1
[2014-04-04 16:16:35] EDIT meet/controllers/default.py: 1
[2014-04-04 16:16:45] EDIT meet/controllers/default.py: 0
[2014-04-04 16:16:53] EDIT meet/controllers/default.py: 0
[2014-04-04 16:18:04] EDIT meet/controllers/default.py: 0
[2014-04-04 16:18:46] EDIT meet/controllers/default.py: 0
[2014-04-04 16:18:55] EDIT meet/controllers/default.py: 0
[2014-04-04 16:24:59] EDIT meet/controllers/default.py: 0
[2014-04-04 16:25:28] EDIT meet/controllers/default.py: 0
[2014-04-04 16:26:34] EDIT meet/controllers/default.py: 0
[2014-04-04 16:28:23] EDIT meet/controllers/default.py: 0
[2014-04-04 16:33:10] EDIT meet/controllers/default.py: 1
[2014-04-04 16:34:19] EDIT meet/controllers/default.py: 0
[2014-04-04 16:34:47] EDIT meet/controllers/default.py: 0
[2014-04-04 16:35:11] EDIT meet/controllers/default.py: 0
[2014-04-04 16:36:14] EDIT meet/controllers/default.py: 0
[2014-04-04 16:37:40] EDIT meet/controllers/default.py: 0
[2014-04-04 16:37:41] EDIT meet/controllers/default.py: 0
[2014-04-04 16:37:41] EDIT meet/controllers/default.py: 0
[2014-04-04 16:39:09] EDIT meet/controllers/default.py: 0
[2014-04-04 16:41:27] EDIT meet/controllers/default.py: -1
[2014-04-04 16:42:09] EDIT meet/controllers/default.py: 0
[2014-04-04 16:42:45] EDIT meet/controllers/default.py: 0
[2014-04-04 16:42:50] EDIT meet/controllers/default.py: 0
[2014-04-04 16:43:35] EDIT meet/controllers/default.py: 0
[2014-04-04 16:44:20] EDIT meet/controllers/default.py: 0
[2014-04-04 16:45:10] EDIT meet/controllers/default.py: 0
[2014-04-04 16:48:18] EDIT meet/controllers/default.py: 0
[2014-04-04 16:49:19] EDIT meet/controllers/default.py: 0
[2014-04-04 16:55:32] EDIT meet/controllers/default.py: 1
[2014-04-04 16:55:50] EDIT meet/controllers/default.py: 0
[2014-04-04 16:59:28] EDIT meet/controllers/default.py: 0
[2014-04-04 17:04:07] EDIT meet/controllers/default.py: 0
[2014-04-04 17:06:51] EDIT meet/controllers/default.py: 0
[2014-04-04 17:14:01] EDIT meet/controllers/default.py: 0
[2014-04-04 17:23:30] EDIT meet/views/default/Sheduling.html: 4
[2014-04-04 17:29:53] EDIT meet/views/default/Sheduling.html: 0
[2014-04-04 17:30:55] EDIT meet/views/default/Sheduling.html: -2
[2014-04-04 17:30:59] EDIT meet/views/default/Sheduling.html: 0
[2014-04-04 17:33:09] EDIT meet/views/default/Sheduling.html: 6
[2014-04-04 17:33:40] EDIT meet/views/default/Sheduling.html: 0
[2014-04-04 17:35:23] EDIT meet/views/default/Sheduling.html: 0
[2014-04-04 17:35:37] EDIT meet/views/default/Sheduling.html: 0
[2014-04-04 17:36:15] EDIT meet/views/default/Sheduling.html: 0
[2014-04-04 17:37:26] EDIT meet/views/default/Sheduling.html: 1
[2014-04-04 17:37:36] EDIT meet/views/default/Sheduling.html: 0
[2014-04-04 17:37:44] EDIT meet/views/default/Sheduling.html: 0
[2014-04-04 17:37:51] EDIT meet/views/default/Sheduling.html: 0
[2014-04-04 17:38:11] EDIT meet/views/default/Sheduling.html: -1
[2014-04-04 17:38:23] EDIT meet/views/default/Sheduling.html: 1
[2014-04-04 17:38:32] EDIT meet/views/default/Sheduling.html: 0
[2014-04-04 17:39:39] EDIT meet/views/default/Sheduling.html: 0
[2014-04-04 17:39:39] EDIT meet/views/default/Sheduling.html: 0
[2014-04-04 17:39:39] EDIT meet/views/default/Sheduling.html: 0
[2014-04-04 17:40:00] EDIT meet/views/default/Sheduling.html: 0
[2014-04-04 17:40:09] EDIT meet/views/default/Sheduling.html: 0
[2014-04-04 17:40:20] EDIT meet/views/default/Sheduling.html: 0
[2014-04-04 17:45:54] EDIT meet/views/default/Sheduling.html: 0
[2014-04-04 17:46:14] EDIT meet/views/default/Sheduling.html: 1
[2014-04-04 17:46:22] EDIT meet/views/default/Sheduling.html: -1
[2014-04-04 17:47:15] EDIT meet/views/default/Sheduling.html: 1
[2014-04-04 17:48:35] EDIT meet/views/default/Sheduling.html: 3
[2014-04-04 17:56:15] EDIT meet/views/default/Sheduling.html: 0
[2014-04-04 17:57:33] EDIT meet/views/default/Sheduling.html: 0
[2014-04-04 18:02:08] EDIT meet/views/default/Sheduling.html: 5
[2014-04-04 18:02:35] EDIT meet/views/default/Sheduling.html: -1
[2014-04-04 18:05:32] EDIT meet/views/default/Sheduling.html: 1
[2014-04-04 18:05:51] EDIT meet/views/default/Sheduling.html: 0
[2014-04-04 18:06:33] EDIT meet/views/default/Sheduling.html: 3
[2014-04-04 18:07:40] EDIT meet/views/default/Sheduling.html: 9
[2014-04-04 18:07:47] EDIT meet/views/default/Sheduling.html: -3
[2014-04-04 18:09:47] EDIT meet/views/default/Sheduling.html: 1
[2014-04-04 18:10:58] EDIT meet/views/default/Sheduling.html: 5
[2014-04-04 18:13:37] EDIT meet/views/default/Sheduling.html: 0
[2014-04-04 18:13:37] EDIT meet/views/default/Sheduling.html: 0
[2014-04-04 18:13:37] EDIT meet/views/default/Sheduling.html: 0
[2014-04-04 18:13:57] EDIT meet/views/default/Sheduling.html: 0
[2014-04-04 18:13:57] EDIT meet/views/default/Sheduling.html: 0
[2014-04-04 18:16:36] EDIT meet/views/default/Sheduling.html: 0
[2014-04-04 18:16:36] EDIT meet/views/default/Sheduling.html: 0
[2014-04-04 18:16:36] EDIT meet/views/default/Sheduling.html: 0
[2014-04-04 18:16:39] EDIT meet/views/default/Sheduling.html: 0
[2014-04-04 18:16:39] EDIT meet/views/default/Sheduling.html: 0
[2014-04-04 18:19:46] EDIT meet/views/default/Sheduling.html: 0
[2014-04-04 18:24:44] EDIT meet/controllers/default.py: 0
[2014-04-04 20:30:37] EDIT meet/views/default/Sheduling.html: 6
[2014-04-04 20:31:30] EDIT meet/views/default/Sheduling.html: 0
[2014-04-04 20:32:09] EDIT meet/views/default/Sheduling.html: -1
[2014-04-05 11:26:43] EDIT meet/controllers/default.py: 1
[2014-04-05 11:28:25] EDIT meet/controllers/default.py: 0
[2014-04-05 11:36:02] EDIT meet/controllers/default.py: 2
[2014-04-05 12:05:16] EDIT meet/controllers/default.py: 2
[2014-04-05 12:07:09] EDIT meet/controllers/default.py: 1
[2014-04-05 12:07:20] EDIT meet/controllers/default.py: -1
[2014-04-05 12:07:45] EDIT meet/controllers/default.py: 1
[2014-04-05 12:09:32] EDIT meet/controllers/default.py: 0
[2014-04-05 12:11:56] EDIT meet/controllers/default.py: 1
[2014-04-05 12:12:10] EDIT meet/controllers/default.py: 1
[2014-04-05 12:13:12] EDIT meet/controllers/default.py: -2
[2014-04-05 12:13:14] EDIT meet/controllers/default.py: 0
[2014-04-05 12:26:16] EDIT meet/controllers/default.py: 0
[2014-04-05 12:31:17] EDIT meet/controllers/default.py: -1
[2014-04-05 12:34:32] EDIT meet/controllers/default.py: 0
[2014-04-05 12:37:14] EDIT meet/views/default/Sheduling.html: 0
[2014-04-05 12:38:04] EDIT meet/views/default/Sheduling.html: 0
[2014-04-05 12:39:13] EDIT meet/views/default/Sheduling.html: 0
[2014-04-05 12:41:52] EDIT meet/views/default/Sheduling.html: 3
[2014-04-05 12:42:41] EDIT meet/views/default/Sheduling.html: 0
[2014-04-05 12:44:58] EDIT meet/views/default/Sheduling.html: 0
[2014-04-05 12:45:55] EDIT meet/views/default/Sheduling.html: 0
[2014-04-05 12:47:10] EDIT meet/views/default/Sheduling.html: 0
[2014-04-05 12:47:17] EDIT meet/views/default/Sheduling.html: 0
[2014-04-05 12:52:33] EDIT meet/views/default/Sheduling.html: 0
[2014-04-05 13:02:35] EDIT meet/views/default/Sheduling.html: 0
[2014-04-05 13:04:48] EDIT meet/views/default/Sheduling.html: 0
[2014-04-05 13:05:11] EDIT meet/views/default/Sheduling.html: -4
[2014-04-05 13:05:28] EDIT meet/views/default/Sheduling.html: 0
[2014-04-05 13:06:13] EDIT meet/views/default/Sheduling.html: 0
[2014-04-05 13:07:53] EDIT meet/views/default/Sheduling.html: 0
[2014-04-05 13:11:43] EDIT meet/views/default/Sheduling.html: 1
[2014-04-05 13:14:02] EDIT meet/views/default/Sheduling.html: 0
[2014-04-05 13:15:32] EDIT meet/views/default/Sheduling.html: 0
[2014-04-05 13:27:34] EDIT meet/views/default/Sheduling.html: -2
[2014-04-05 13:29:01] EDIT meet/views/default/Sheduling.html: 0
[2014-04-05 13:31:34] EDIT meet/views/default/Sheduling.html: 0
[2014-04-05 13:32:47] EDIT meet/views/default/Sheduling.html: 2
[2014-04-05 13:33:13] EDIT meet/views/default/Sheduling.html: 0
[2014-04-05 13:33:29] EDIT meet/views/default/Sheduling.html: 0
[2014-04-05 13:33:48] EDIT meet/views/default/Sheduling.html: 0
[2014-04-05 13:34:02] EDIT meet/views/default/Sheduling.html: 0
[2014-04-05 13:34:48] EDIT meet/views/default/Sheduling.html: 1
[2014-04-05 13:34:54] EDIT meet/views/default/Sheduling.html: 0
[2014-04-05 13:36:20] EDIT meet/views/default/Sheduling.html: 0
[2014-04-05 13:38:19] EDIT meet/views/default/Sheduling.html: 0
[2014-04-05 13:38:36] EDIT meet/views/default/Sheduling.html: 0
[2014-04-05 13:39:13] EDIT meet/views/default/Sheduling.html: 0
[2014-04-05 13:45:08] EDIT meet/views/default/Sheduling.html: 0
[2014-04-05 13:46:07] EDIT meet/views/default/Sheduling.html: -1
[2014-04-05 13:46:32] EDIT meet/views/default/Sheduling.html: 0
[2014-04-05 13:48:29] EDIT meet/views/default/Sheduling.html: 0
[2014-04-05 13:48:29] EDIT meet/views/default/Sheduling.html: 0
[2014-04-05 13:48:29] EDIT meet/views/default/Sheduling.html: 0
[2014-04-05 13:48:30] EDIT meet/views/default/Sheduling.html: 0
[2014-04-05 13:50:32] EDIT meet/controllers/default.py: 0
[2014-04-05 13:50:59] EDIT meet/controllers/default.py: 0
[2014-04-05 13:52:57] EDIT meet/controllers/default.py: 0
[2014-04-05 14:00:53] EDIT meet/controllers/default.py: 8
[2014-04-05 14:10:42] EDIT meet/views/default/Sheduling.html: 10
[2014-04-05 14:12:26] EDIT meet/views/default/Sheduling.html: -2
[2014-04-05 14:14:22] EDIT meet/views/default/Sheduling.html: 0
[2014-04-05 14:14:59] EDIT meet/views/default/Sheduling.html: 0
[2014-04-05 14:17:59] EDIT meet/views/default/Sheduling.html: 24
[2014-04-05 14:57:40] EDIT meet/views/default/Sheduling.html: 3
[2014-04-05 15:00:37] EDIT meet/views/default/Sheduling.html: 0
[2014-04-05 15:01:10] EDIT meet/views/default/Sheduling.html: 0
[2014-04-05 15:22:22] EDIT meet/controllers/default.py: 0
[2014-04-05 15:28:18] EDIT meet/controllers/default.py: 0
[2014-04-05 15:29:47] EDIT meet/controllers/default.py: 0
[2014-04-05 15:30:20] EDIT meet/controllers/default.py: 0
[2014-04-05 15:54:34] EDIT meet/views/default/Sheduling.html: 2
[2014-04-05 15:54:51] EDIT meet/views/default/Sheduling.html: 0
[2014-04-05 16:00:19] EDIT meet/views/default/Sheduling.html: 0
[2014-04-05 16:02:47] EDIT meet/views/default/Sheduling.html: 0
[2014-04-05 16:03:18] EDIT meet/views/default/Sheduling.html: 0
[2014-04-05 16:04:47] EDIT meet/views/default/Sheduling.html: -1
[2014-04-05 16:07:29] EDIT meet/views/default/Sheduling.html: 0
[2014-04-05 16:09:09] EDIT meet/views/default/Sheduling.html: 0
[2014-04-05 16:10:20] EDIT meet/views/default/Sheduling.html: 0
[2014-04-05 16:10:42] EDIT meet/views/default/Sheduling.html: 0
[2014-04-05 16:13:06] EDIT meet/views/default/Sheduling.html: 0
[2014-04-05 16:17:36] EDIT meet/views/default/Sheduling.html: 0
[2014-04-05 16:19:36] EDIT meet/views/default/Sheduling.html: 0
[2014-04-05 16:36:26] EDIT meet/views/default/Sheduling.html: 0
[2014-04-05 16:47:30] EDIT meet/views/default/index.html: 1
[2014-04-05 16:47:43] EDIT meet/views/default/Meeting_sheduling.html: 1
[2014-04-05 18:19:34] EDIT meet/views/default/user.html: 1
[2014-04-05 18:27:14] EDIT meet/views/default/Sheduling.html: 0
[2014-04-06 16:37:24] EDIT meet/views/default/Sheduling.html: 1
[2014-04-06 16:37:48] EDIT meet/views/default/Sheduling.html: 0
[2014-04-06 16:38:25] EDIT meet/views/default/Sheduling.html: 0
[2014-04-06 17:15:39] EDIT meet/views/default/Sheduling.html: 1
[2014-04-06 17:17:19] EDIT meet/views/default/Sheduling.html: 1
[2014-04-06 17:17:37] EDIT meet/views/default/Sheduling.html: 0
[2014-04-06 17:18:07] EDIT meet/views/default/Sheduling.html: 1
[2014-04-06 17:21:40] EDIT meet/views/default/Sheduling.html: 3
[2014-04-06 17:22:19] EDIT meet/views/default/Sheduling.html: 0
[2014-04-06 17:25:35] EDIT meet/controllers/default.py: 0
[2014-04-06 17:25:56] EDIT meet/controllers/default.py: 0
[2014-04-06 17:26:14] EDIT meet/controllers/default.py: 0
[2014-04-06 17:26:20] EDIT meet/controllers/default.py: 0
[2014-04-06 17:26:46] EDIT meet/controllers/default.py: 0
[2014-04-06 17:27:30] EDIT meet/controllers/default.py: 0
[2014-04-06 17:28:01] EDIT meet/controllers/default.py: 0
[2014-04-06 17:29:55] EDIT meet/views/default/Sheduling.html: 0
[2014-04-06 18:04:15] EDIT meet/views/default/Sheduling.html: 0
[2014-04-06 18:04:35] EDIT meet/views/default/Sheduling.html: 0
[2014-04-06 18:04:55] EDIT meet/views/default/Sheduling.html: 0
[2014-04-06 18:05:19] EDIT meet/views/default/Sheduling.html: 0
[2014-04-07 18:01:45] EDIT meet/controllers/default.py: 0
[2014-04-07 18:09:26] EDIT meet/controllers/default.py: 0
